# JRE version: Java(TM) SE Runtime Environment (7.0_79-b15) (build 1.7.0_79-b15)
# Java VM: Java HotSpot(TM) 64-Bit Server VM (24.79-b02 mixed mode windows-amd64 compressed oops)
Heap
 PSYoungGen      total 153088K, used 138429K [0x00000007aaa80000, 0x00000007bea80000, 0x0000000800000000)
  eden space 133120K, 89% used [0x00000007aaa80000,0x00000007b1e36d48,0x00000007b2c80000)
  from space 19968K, 99% used [0x00000007b2c80000,0x00000007b3ff88b8,0x00000007b4000000)
  to   space 30720K, 0% used [0x00000007bcc80000,0x00000007bcc80000,0x00000007bea80000)
 ParOldGen       total 87040K, used 43094K [0x0000000700000000, 0x0000000705500000, 0x00000007aaa80000)
  object space 87040K, 49% used [0x0000000700000000,0x0000000702a15a90,0x0000000705500000)
 PSPermGen       total 21504K, used 6339K [0x00000006fae00000, 0x00000006fc300000, 0x0000000700000000)
  object space 21504K, 29% used [0x00000006fae00000,0x00000006fb430cf0,0x00000006fc300000)
GC Heap History (10 events):
Event: 3.259 GC heap before
{Heap before GC invocations=3 (full 0):
 PSYoungGen      total 38912K, used 38895K [0x00000007aaa80000, 0x00000007af680000, 0x0000000800000000)
  eden space 33792K, 100% used [0x00000007aaa80000,0x00000007acb80000,0x00000007acb80000)
  from space 5120K, 99% used [0x00000007ad080000,0x00000007ad57be10,0x00000007ad580000)
  to   space 5120K, 0% used [0x00000007acb80000,0x00000007acb80000,0x00000007ad080000)
 ParOldGen       total 87040K, used 4189K [0x0000000700000000, 0x0000000705500000, 0x00000007aaa80000)
  object space 87040K, 4% used [0x0000000700000000,0x0000000700417570,0x0000000705500000)
 PSPermGen       total 21504K, used 5954K [0x00000006fae00000, 0x00000006fc300000, 0x0000000700000000)
  object space 21504K, 27% used [0x00000006fae00000,0x00000006fb3d0b68,0x00000006fc300000)
Event: 3.413 GC heap after
Heap after GC invocations=3 (full 0):
 PSYoungGen      total 38912K, used 5089K [0x00000007aaa80000, 0x00000007af680000, 0x0000000800000000)
  eden space 33792K, 0% used [0x00000007aaa80000,0x00000007aaa80000,0x00000007acb80000)
  from space 5120K, 99% used [0x00000007acb80000,0x00000007ad0785d8,0x00000007ad080000)
  to   space 5120K, 0% used [0x00000007af180000,0x00000007af180000,0x00000007af680000)
 ParOldGen       total 87040K, used 10331K [0x0000000700000000, 0x0000000705500000, 0x00000007aaa80000)
  object space 87040K, 11% used [0x0000000700000000,0x0000000700a16d10,0x0000000705500000)
 PSPermGen       total 21504K, used 5954K [0x00000006fae00000, 0x00000006fc300000, 0x0000000700000000)
  object space 21504K, 27% used [0x00000006fae00000,0x00000006fb3d0b68,0x00000006fc300000)
}
Event: 4.492 GC heap before
{Heap before GC invocations=4 (full 0):
 PSYoungGen      total 38912K, used 38881K [0x00000007aaa80000, 0x00000007af680000, 0x0000000800000000)
  eden space 33792K, 100% used [0x00000007aaa80000,0x00000007acb80000,0x00000007acb80000)
  from space 5120K, 99% used [0x00000007acb80000,0x00000007ad0785d8,0x00000007ad080000)
  to   space 5120K, 0% used [0x00000007af180000,0x00000007af180000,0x00000007af680000)
 ParOldGen       total 87040K, used 10331K [0x0000000700000000, 0x0000000705500000, 0x00000007aaa80000)
  object space 87040K, 11% used [0x0000000700000000,0x0000000700a16d10,0x0000000705500000)
 PSPermGen       total 21504K, used 5969K [0x00000006fae00000, 0x00000006fc300000, 0x0000000700000000)
  object space 21504K, 27% used [0x00000006fae00000,0x00000006fb3d4690,0x00000006fc300000)
Event: 4.512 GC heap after
Heap after GC invocations=4 (full 0):
 PSYoungGen      total 72704K, used 5105K [0x00000007aaa80000, 0x00000007af680000, 0x0000000800000000)
  eden space 67584K, 0% used [0x00000007aaa80000,0x00000007aaa80000,0x00000007aec80000)
  from space 5120K, 99% used [0x00000007af180000,0x00000007af67c5e8,0x00000007af680000)
  to   space 5120K, 0% used [0x00000007aec80000,0x00000007aec80000,0x00000007af180000)
 ParOldGen       total 87040K, used 15894K [0x0000000700000000, 0x0000000705500000, 0x00000007aaa80000)
  object space 87040K, 18% used [0x0000000700000000,0x0000000700f85a70,0x0000000705500000)
 PSPermGen       total 21504K, used 5969K [0x00000006fae00000, 0x00000006fc300000, 0x0000000700000000)
  object space 21504K, 27% used [0x00000006fae00000,0x00000006fb3d4690,0x00000006fc300000)
}
Event: 5.475 GC heap before
{Heap before GC invocations=5 (full 0):
 PSYoungGen      total 72704K, used 72689K [0x00000007aaa80000, 0x00000007af680000, 0x0000000800000000)
  eden space 67584K, 100% used [0x00000007aaa80000,0x00000007aec80000,0x00000007aec80000)
  from space 5120K, 99% used [0x00000007af180000,0x00000007af67c5e8,0x00000007af680000)
  to   space 5120K, 0% used [0x00000007aec80000,0x00000007aec80000,0x00000007af180000)
 ParOldGen       total 87040K, used 15894K [0x0000000700000000, 0x0000000705500000, 0x00000007aaa80000)
  object space 87040K, 18% used [0x0000000700000000,0x0000000700f85a70,0x0000000705500000)
 PSPermGen       total 21504K, used 6018K [0x00000006fae00000, 0x00000006fc300000, 0x0000000700000000)
  object space 21504K, 27% used [0x00000006fae00000,0x00000006fb3e0948,0x00000006fc300000)
Event: 5.747 GC heap after
Heap after GC invocations=5 (full 0):
 PSYoungGen      total 72704K, used 5089K [0x00000007aaa80000, 0x00000007b5180000, 0x0000000800000000)
  eden space 67584K, 0% used [0x00000007aaa80000,0x00000007aaa80000,0x00000007aec80000)
  from space 5120K, 99% used [0x00000007aec80000,0x00000007af1785f8,0x00000007af180000)
  to   space 17920K, 0% used [0x00000007b4000000,0x00000007b4000000,0x00000007b5180000)
 ParOldGen       total 87040K, used 27495K [0x0000000700000000, 0x0000000705500000, 0x00000007aaa80000)
  object space 87040K, 31% used [0x0000000700000000,0x0000000701ad9cc0,0x0000000705500000)
 PSPermGen       total 21504K, used 6018K [0x00000006fae00000, 0x00000006fc300000, 0x0000000700000000)
  object space 21504K, 27% used [0x00000006fae00000,0x00000006fb3e0948,0x00000006fc300000)
}
Event: 6.376 GC heap before
{Heap before GC invocations=6 (full 0):
 PSYoungGen      total 72704K, used 72673K [0x00000007aaa80000, 0x00000007b5180000, 0x0000000800000000)
  eden space 67584K, 100% used [0x00000007aaa80000,0x00000007aec80000,0x00000007aec80000)
  from space 5120K, 99% used [0x00000007aec80000,0x00000007af1785f8,0x00000007af180000)
  to   space 17920K, 0% used [0x00000007b4000000,0x00000007b4000000,0x00000007b5180000)
 ParOldGen       total 87040K, used 27495K [0x0000000700000000, 0x0000000705500000, 0x00000007aaa80000)
  object space 87040K, 31% used [0x0000000700000000,0x0000000701ad9cc0,0x0000000705500000)
 PSPermGen       total 21504K, used 6034K [0x00000006fae00000, 0x00000006fc300000, 0x0000000700000000)
  object space 21504K, 28% used [0x00000006fae00000,0x00000006fb3e4978,0x00000006fc300000)
Event: 6.502 GC heap after
Heap after GC invocations=6 (full 0):
 PSYoungGen      total 151040K, used 15979K [0x00000007aaa80000, 0x00000007b5580000, 0x0000000800000000)
  eden space 133120K, 0% used [0x00000007aaa80000,0x00000007aaa80000,0x00000007b2c80000)
  from space 17920K, 89% used [0x00000007b4000000,0x00000007b4f9af98,0x00000007b5180000)
  to   space 19968K, 0% used [0x00000007b2c80000,0x00000007b2c80000,0x00000007b4000000)
 ParOldGen       total 87040K, used 27495K [0x0000000700000000, 0x0000000705500000, 0x00000007aaa80000)
  object space 87040K, 31% used [0x0000000700000000,0x0000000701ad9cc0,0x0000000705500000)
 PSPermGen       total 21504K, used 6034K [0x00000006fae00000, 0x00000006fc300000, 0x0000000700000000)
  object space 21504K, 28% used [0x00000006fae00000,0x00000006fb3e4978,0x00000006fc300000)
}
Event: 7.985 GC heap before
{Heap before GC invocations=7 (full 0):
 PSYoungGen      total 151040K, used 149099K [0x00000007aaa80000, 0x00000007b5580000, 0x0000000800000000)
  eden space 133120K, 100% used [0x00000007aaa80000,0x00000007b2c80000,0x00000007b2c80000)
  from space 17920K, 89% used [0x00000007b4000000,0x00000007b4f9af98,0x00000007b5180000)
  to   space 19968K, 0% used [0x00000007b2c80000,0x00000007b2c80000,0x00000007b4000000)
 ParOldGen       total 87040K, used 27495K [0x0000000700000000, 0x0000000705500000, 0x00000007aaa80000)
  object space 87040K, 31% used [0x0000000700000000,0x0000000701ad9cc0,0x0000000705500000)
 PSPermGen       total 21504K, used 6099K [0x00000006fae00000, 0x00000006fc300000, 0x0000000700000000)
  object space 21504K, 28% used [0x00000006fae00000,0x00000006fb3f4f20,0x00000006fc300000)
Event: 8.060 GC heap after
Heap after GC invocations=7 (full 0):
 PSYoungGen      total 153088K, used 19938K [0x00000007aaa80000, 0x00000007bea80000, 0x0000000800000000)
  eden space 133120K, 0% used [0x00000007aaa80000,0x00000007aaa80000,0x00000007b2c80000)
  from space 19968K, 99% used [0x00000007b2c80000,0x00000007b3ff88b8,0x00000007b4000000)
  to   space 30720K, 0% used [0x00000007bcc80000,0x00000007bcc80000,0x00000007bea80000)
 ParOldGen       total 87040K, used 43094K [0x0000000700000000, 0x0000000705500000, 0x00000007aaa80000)
  object space 87040K, 49% used [0x0000000700000000,0x0000000702a15a90,0x0000000705500000)
 PSPermGen       total 21504K, used 6099K [0x00000006fae00000, 0x00000006fc300000, 0x0000000700000000)
  object space 21504K, 28% used [0x00000006fae00000,0x00000006fb3f4f20,0x00000006fc300000)
}

