# JRE version: Java(TM) SE Runtime Environment (7.0_79-b15) (build 1.7.0_79-b15)
# Java VM: Java HotSpot(TM) 64-Bit Server VM (24.79-b02 mixed mode windows-amd64 compressed oops)
Heap
 PSYoungGen      total 72704K, used 72682K [0x00000007aaa80000, 0x00000007af680000, 0x0000000800000000)
  eden space 67584K, 100% used [0x00000007aaa80000,0x00000007aec80000,0x00000007aec80000)
  from space 5120K, 99% used [0x00000007af180000,0x00000007af67a910,0x00000007af680000)
  to   space 5120K, 99% used [0x00000007aec80000,0x00000007af17c9d8,0x00000007af180000)
 ParOldGen       total 87040K, used 17200K [0x0000000700000000, 0x0000000705500000, 0x00000007aaa80000)
  object space 87040K, 19% used [0x0000000700000000,0x00000007010cc3b8,0x0000000705500000)
 PSPermGen       total 21504K, used 5917K [0x00000006fae00000, 0x00000006fc300000, 0x0000000700000000)
  object space 21504K, 27% used [0x00000006fae00000,0x00000006fb3c7688,0x00000006fc300000)
GC Heap History (5 events):
Event: 2.630 GC heap before
{Heap before GC invocations=1 (full 0):
 PSYoungGen      total 38912K, used 33792K [0x00000007aaa80000, 0x00000007ad580000, 0x0000000800000000)
  eden space 33792K, 100% used [0x00000007aaa80000,0x00000007acb80000,0x00000007acb80000)
  from space 5120K, 0% used [0x00000007ad080000,0x00000007ad080000,0x00000007ad580000)
  to   space 5120K, 0% used [0x00000007acb80000,0x00000007acb80000,0x00000007ad080000)
 ParOldGen       total 87040K, used 0K [0x0000000700000000, 0x0000000705500000, 0x00000007aaa80000)
  object space 87040K, 0% used [0x0000000700000000,0x0000000700000000,0x0000000705500000)
 PSPermGen       total 21504K, used 5784K [0x00000006fae00000, 0x00000006fc300000, 0x0000000700000000)
  object space 21504K, 26% used [0x00000006fae00000,0x00000006fb3a61f0,0x00000006fc300000)
Event: 2.761 GC heap after
Heap after GC invocations=1 (full 0):
 PSYoungGen      total 38912K, used 5092K [0x00000007aaa80000, 0x00000007af680000, 0x0000000800000000)
  eden space 33792K, 0% used [0x00000007aaa80000,0x00000007aaa80000,0x00000007acb80000)
  from space 5120K, 99% used [0x00000007acb80000,0x00000007ad0792e8,0x00000007ad080000)
  to   space 5120K, 0% used [0x00000007af180000,0x00000007af180000,0x00000007af680000)
 ParOldGen       total 87040K, used 883K [0x0000000700000000, 0x0000000705500000, 0x00000007aaa80000)
  object space 87040K, 1% used [0x0000000700000000,0x00000007000dccc0,0x0000000705500000)
 PSPermGen       total 21504K, used 5784K [0x00000006fae00000, 0x00000006fc300000, 0x0000000700000000)
  object space 21504K, 26% used [0x00000006fae00000,0x00000006fb3a61f0,0x00000006fc300000)
}
Event: 4.032 GC heap before
{Heap before GC invocations=2 (full 0):
 PSYoungGen      total 38912K, used 38884K [0x00000007aaa80000, 0x00000007af680000, 0x0000000800000000)
  eden space 33792K, 100% used [0x00000007aaa80000,0x00000007acb80000,0x00000007acb80000)
  from space 5120K, 99% used [0x00000007acb80000,0x00000007ad0792e8,0x00000007ad080000)
  to   space 5120K, 0% used [0x00000007af180000,0x00000007af180000,0x00000007af680000)
 ParOldGen       total 87040K, used 883K [0x0000000700000000, 0x0000000705500000, 0x00000007aaa80000)
  object space 87040K, 1% used [0x0000000700000000,0x00000007000dccc0,0x0000000705500000)
 PSPermGen       total 21504K, used 5851K [0x00000006fae00000, 0x00000006fc300000, 0x0000000700000000)
  object space 21504K, 27% used [0x00000006fae00000,0x00000006fb3b6f00,0x00000006fc300000)
Event: 4.129 GC heap after
Heap after GC invocations=2 (full 0):
 PSYoungGen      total 72704K, used 5098K [0x00000007aaa80000, 0x00000007af680000, 0x0000000800000000)
  eden space 67584K, 0% used [0x00000007aaa80000,0x00000007aaa80000,0x00000007aec80000)
  from space 5120K, 99% used [0x00000007af180000,0x00000007af67a910,0x00000007af680000)
  to   space 5120K, 0% used [0x00000007aec80000,0x00000007aec80000,0x00000007af180000)
 ParOldGen       total 87040K, used 6163K [0x0000000700000000, 0x0000000705500000, 0x00000007aaa80000)
  object space 87040K, 7% used [0x0000000700000000,0x0000000700604fc8,0x0000000705500000)
 PSPermGen       total 21504K, used 5851K [0x00000006fae00000, 0x00000006fc300000, 0x0000000700000000)
  object space 21504K, 27% used [0x00000006fae00000,0x00000006fb3b6f00,0x00000006fc300000)
}
Event: 5.123 GC heap before
{Heap before GC invocations=3 (full 0):
 PSYoungGen      total 72704K, used 72682K [0x00000007aaa80000, 0x00000007af680000, 0x0000000800000000)
  eden space 67584K, 100% used [0x00000007aaa80000,0x00000007aec80000,0x00000007aec80000)
  from space 5120K, 99% used [0x00000007af180000,0x00000007af67a910,0x00000007af680000)
  to   space 5120K, 0% used [0x00000007aec80000,0x00000007aec80000,0x00000007af180000)
 ParOldGen       total 87040K, used 6163K [0x0000000700000000, 0x0000000705500000, 0x00000007aaa80000)
  object space 87040K, 7% used [0x0000000700000000,0x0000000700604fc8,0x0000000705500000)
 PSPermGen       total 21504K, used 5917K [0x00000006fae00000, 0x00000006fc300000, 0x0000000700000000)
  object space 21504K, 27% used [0x00000006fae00000,0x00000006fb3c7688,0x00000006fc300000)

