# JRE version: Java(TM) SE Runtime Environment (7.0_79-b15) (build 1.7.0_79-b15)
# Java VM: Java HotSpot(TM) 64-Bit Server VM (24.79-b02 mixed mode windows-amd64 compressed oops)
Heap
 PSYoungGen      total 38912K, used 38890K [0x00000007aaa80000, 0x00000007ad580000, 0x0000000800000000)
  eden space 33792K, 100% used [0x00000007aaa80000,0x00000007acb80000,0x00000007acb80000)
  from space 5120K, 99% used [0x00000007acb80000,0x00000007ad07aab8,0x00000007ad080000)
  to   space 5120K, 99% used [0x00000007ad080000,0x00000007ad57d958,0x00000007ad580000)
 ParOldGen       total 87040K, used 6101K [0x0000000700000000, 0x0000000705500000, 0x00000007aaa80000)
  object space 87040K, 7% used [0x0000000700000000,0x00000007005f5458,0x0000000705500000)
 PSPermGen       total 21504K, used 5922K [0x00000006fae00000, 0x00000006fc300000, 0x0000000700000000)
  object space 21504K, 27% used [0x00000006fae00000,0x00000006fb3c8968,0x00000006fc300000)
GC Heap History (3 events):
Event: 2.431 GC heap before
{Heap before GC invocations=1 (full 0):
 PSYoungGen      total 38912K, used 33792K [0x00000007aaa80000, 0x00000007ad580000, 0x0000000800000000)
  eden space 33792K, 100% used [0x00000007aaa80000,0x00000007acb80000,0x00000007acb80000)
  from space 5120K, 0% used [0x00000007ad080000,0x00000007ad080000,0x00000007ad580000)
  to   space 5120K, 0% used [0x00000007acb80000,0x00000007acb80000,0x00000007ad080000)
 ParOldGen       total 87040K, used 0K [0x0000000700000000, 0x0000000705500000, 0x00000007aaa80000)
  object space 87040K, 0% used [0x0000000700000000,0x0000000700000000,0x0000000705500000)
 PSPermGen       total 21504K, used 5841K [0x00000006fae00000, 0x00000006fc300000, 0x0000000700000000)
  object space 21504K, 27% used [0x00000006fae00000,0x00000006fb3b4518,0x00000006fc300000)
Event: 2.442 GC heap after
Heap after GC invocations=1 (full 0):
 PSYoungGen      total 38912K, used 5098K [0x00000007aaa80000, 0x00000007ad580000, 0x0000000800000000)
  eden space 33792K, 0% used [0x00000007aaa80000,0x00000007aaa80000,0x00000007acb80000)
  from space 5120K, 99% used [0x00000007acb80000,0x00000007ad07aab8,0x00000007ad080000)
  to   space 5120K, 0% used [0x00000007ad080000,0x00000007ad080000,0x00000007ad580000)
 ParOldGen       total 87040K, used 1461K [0x0000000700000000, 0x0000000705500000, 0x00000007aaa80000)
  object space 87040K, 1% used [0x0000000700000000,0x000000070016d458,0x0000000705500000)
 PSPermGen       total 21504K, used 5841K [0x00000006fae00000, 0x00000006fc300000, 0x0000000700000000)
  object space 21504K, 27% used [0x00000006fae00000,0x00000006fb3b4518,0x00000006fc300000)
}
Event: 3.446 GC heap before
{Heap before GC invocations=2 (full 0):
 PSYoungGen      total 38912K, used 38890K [0x00000007aaa80000, 0x00000007ad580000, 0x0000000800000000)
  eden space 33792K, 100% used [0x00000007aaa80000,0x00000007acb80000,0x00000007acb80000)
  from space 5120K, 99% used [0x00000007acb80000,0x00000007ad07aab8,0x00000007ad080000)
  to   space 5120K, 0% used [0x00000007ad080000,0x00000007ad080000,0x00000007ad580000)
 ParOldGen       total 87040K, used 1461K [0x0000000700000000, 0x0000000705500000, 0x00000007aaa80000)
  object space 87040K, 1% used [0x0000000700000000,0x000000070016d458,0x0000000705500000)
 PSPermGen       total 21504K, used 5922K [0x00000006fae00000, 0x00000006fc300000, 0x0000000700000000)
  object space 21504K, 27% used [0x00000006fae00000,0x00000006fb3c8968,0x00000006fc300000)

